<?xml version="1.0" encoding="UTF-8"?>
<!-- Generated by org.testng.reporters.JUnitXMLReporter -->
<testsuite ignored="0" hostname="LAPTOP-MCVV6R4J" failures="0" tests="3" name="Default test" time="66.204" errors="0" timestamp="29 Nov 2020 07:10:59 GMT">
  <testcase classname="TestNGFirstPackage.AmazonTestWithAM" name="amazonTitleTest" time="0.018"/>
  <testcase classname="TestNGFirstPackage.AmazonTestWithAM" name="amazonUrlTest" time="0.019"/>
  <testcase classname="TestNGFirstPackage.AmazonTestWithAM" name="mobileLinkPresentTest" time="0.105"/>
</testsuite> <!-- Default test -->
