<?xml version="1.0" encoding="UTF-8"?>
<testng-results ignored="0" total="7" passed="7" failed="0" skipped="0">
  <reporter-output>
  </reporter-output>
  <suite started-at="2020-11-29T08:00:20Z" name="Test automation regression suite" finished-at="2020-11-29T08:01:24Z" duration-ms="63973">
    <groups>
    </groups>
    <test started-at="2020-11-29T08:00:20Z" name="Google test" finished-at="2020-11-29T08:00:45Z" duration-ms="24877">
      <class name="TestNGFirstPackage.GoogleTest">
        <test-method is-config="true" signature="setUp()[pri:0, instance:TestNGFirstPackage.GoogleTest@14d3bc22]" started-at="2020-11-29T08:00:20Z" name="setUp" finished-at="2020-11-29T08:00:26Z" duration-ms="5995" status="PASS">
          <reporter-output>
          </reporter-output>
        </test-method> <!-- setUp -->
        <test-method signature="googleTitleTest()[pri:0, instance:TestNGFirstPackage.GoogleTest@14d3bc22]" started-at="2020-11-29T08:00:26Z" name="googleTitleTest" finished-at="2020-11-29T08:00:32Z" duration-ms="6171" status="PASS">
          <reporter-output>
          </reporter-output>
        </test-method> <!-- googleTitleTest -->
        <test-method is-config="true" signature="tearDown()[pri:0, instance:TestNGFirstPackage.GoogleTest@14d3bc22]" started-at="2020-11-29T08:00:32Z" name="tearDown" finished-at="2020-11-29T08:00:33Z" duration-ms="607" status="PASS">
          <reporter-output>
          </reporter-output>
        </test-method> <!-- tearDown -->
        <test-method is-config="true" signature="setUp()[pri:0, instance:TestNGFirstPackage.GoogleTest@14d3bc22]" started-at="2020-11-29T08:00:33Z" name="setUp" finished-at="2020-11-29T08:00:38Z" duration-ms="5162" status="PASS">
          <reporter-output>
          </reporter-output>
        </test-method> <!-- setUp -->
        <test-method signature="googleUrlTest()[pri:0, instance:TestNGFirstPackage.GoogleTest@14d3bc22]" started-at="2020-11-29T08:00:38Z" name="googleUrlTest" finished-at="2020-11-29T08:00:44Z" duration-ms="6258" status="PASS">
          <reporter-output>
          </reporter-output>
        </test-method> <!-- googleUrlTest -->
        <test-method is-config="true" signature="tearDown()[pri:0, instance:TestNGFirstPackage.GoogleTest@14d3bc22]" started-at="2020-11-29T08:00:44Z" name="tearDown" finished-at="2020-11-29T08:00:45Z" duration-ms="665" status="PASS">
          <reporter-output>
          </reporter-output>
        </test-method> <!-- tearDown -->
      </class> <!-- TestNGFirstPackage.GoogleTest -->
    </test> <!-- Google test -->
    <test started-at="2020-11-29T08:00:20Z" name="Rediff test" finished-at="2020-11-29T08:00:56Z" duration-ms="36410">
      <class name="TestNGFirstPackage.RediffTest">
        <test-method is-config="true" signature="setUp()[pri:0, instance:TestNGFirstPackage.RediffTest@2928854b]" started-at="2020-11-29T08:00:20Z" name="setUp" finished-at="2020-11-29T08:00:26Z" duration-ms="6009" status="PASS">
          <reporter-output>
          </reporter-output>
        </test-method> <!-- setUp -->
        <test-method signature="rediffTitleTest()[pri:0, instance:TestNGFirstPackage.RediffTest@2928854b]" started-at="2020-11-29T08:00:26Z" name="rediffTitleTest" finished-at="2020-11-29T08:00:35Z" duration-ms="9629" status="PASS">
          <reporter-output>
          </reporter-output>
        </test-method> <!-- rediffTitleTest -->
        <test-method is-config="true" signature="tearDown()[pri:0, instance:TestNGFirstPackage.RediffTest@2928854b]" started-at="2020-11-29T08:00:35Z" name="tearDown" finished-at="2020-11-29T08:00:36Z" duration-ms="618" status="PASS">
          <reporter-output>
          </reporter-output>
        </test-method> <!-- tearDown -->
        <test-method is-config="true" signature="setUp()[pri:0, instance:TestNGFirstPackage.RediffTest@2928854b]" started-at="2020-11-29T08:00:36Z" name="setUp" finished-at="2020-11-29T08:00:41Z" duration-ms="5188" status="PASS">
          <reporter-output>
          </reporter-output>
        </test-method> <!-- setUp -->
        <test-method signature="rediffUrlTest()[pri:0, instance:TestNGFirstPackage.RediffTest@2928854b]" started-at="2020-11-29T08:00:41Z" name="rediffUrlTest" finished-at="2020-11-29T08:00:56Z" duration-ms="14311" status="PASS">
          <reporter-output>
          </reporter-output>
        </test-method> <!-- rediffUrlTest -->
        <test-method is-config="true" signature="tearDown()[pri:0, instance:TestNGFirstPackage.RediffTest@2928854b]" started-at="2020-11-29T08:00:56Z" name="tearDown" finished-at="2020-11-29T08:00:56Z" duration-ms="637" status="PASS">
          <reporter-output>
          </reporter-output>
        </test-method> <!-- tearDown -->
      </class> <!-- TestNGFirstPackage.RediffTest -->
    </test> <!-- Rediff test -->
    <test started-at="2020-11-29T08:00:20Z" name="Amazon test" finished-at="2020-11-29T08:01:24Z" duration-ms="63972">
      <class name="TestNGFirstPackage.AmazonTestWithAM">
        <test-method is-config="true" signature="setUp()[pri:0, instance:TestNGFirstPackage.AmazonTestWithAM@501edcf1]" started-at="2020-11-29T08:00:20Z" name="setUp" finished-at="2020-11-29T08:00:26Z" duration-ms="6009" status="PASS">
          <reporter-output>
          </reporter-output>
        </test-method> <!-- setUp -->
        <test-method signature="amazonTitleTest()[pri:0, instance:TestNGFirstPackage.AmazonTestWithAM@501edcf1]" started-at="2020-11-29T08:00:26Z" name="amazonTitleTest" finished-at="2020-11-29T08:00:44Z" duration-ms="18269" status="PASS">
          <reporter-output>
          </reporter-output>
        </test-method> <!-- amazonTitleTest -->
        <test-method is-config="true" signature="tearDown()[pri:0, instance:TestNGFirstPackage.AmazonTestWithAM@501edcf1]" started-at="2020-11-29T08:00:44Z" name="tearDown" finished-at="2020-11-29T08:00:45Z" duration-ms="645" status="PASS">
          <reporter-output>
          </reporter-output>
        </test-method> <!-- tearDown -->
        <test-method is-config="true" signature="setUp()[pri:0, instance:TestNGFirstPackage.AmazonTestWithAM@501edcf1]" started-at="2020-11-29T08:00:45Z" name="setUp" finished-at="2020-11-29T08:00:50Z" duration-ms="5217" status="PASS">
          <reporter-output>
          </reporter-output>
        </test-method> <!-- setUp -->
        <test-method signature="amazonUrlTest()[pri:0, instance:TestNGFirstPackage.AmazonTestWithAM@501edcf1]" started-at="2020-11-29T08:00:50Z" name="amazonUrlTest" finished-at="2020-11-29T08:01:05Z" duration-ms="15268" status="PASS">
          <reporter-output>
          </reporter-output>
        </test-method> <!-- amazonUrlTest -->
        <test-method is-config="true" signature="tearDown()[pri:0, instance:TestNGFirstPackage.AmazonTestWithAM@501edcf1]" started-at="2020-11-29T08:01:05Z" name="tearDown" finished-at="2020-11-29T08:01:06Z" duration-ms="639" status="PASS">
          <reporter-output>
          </reporter-output>
        </test-method> <!-- tearDown -->
        <test-method is-config="true" signature="setUp()[pri:0, instance:TestNGFirstPackage.AmazonTestWithAM@501edcf1]" started-at="2020-11-29T08:01:06Z" name="setUp" finished-at="2020-11-29T08:01:11Z" duration-ms="5170" status="PASS">
          <reporter-output>
          </reporter-output>
        </test-method> <!-- setUp -->
        <test-method signature="mobileLinkPresentTest()[pri:0, instance:TestNGFirstPackage.AmazonTestWithAM@501edcf1]" started-at="2020-11-29T08:01:11Z" name="mobileLinkPresentTest" finished-at="2020-11-29T08:01:23Z" duration-ms="12105" status="PASS">
          <reporter-output>
          </reporter-output>
        </test-method> <!-- mobileLinkPresentTest -->
        <test-method is-config="true" signature="tearDown()[pri:0, instance:TestNGFirstPackage.AmazonTestWithAM@501edcf1]" started-at="2020-11-29T08:01:23Z" name="tearDown" finished-at="2020-11-29T08:01:24Z" duration-ms="635" status="PASS">
          <reporter-output>
          </reporter-output>
        </test-method> <!-- tearDown -->
      </class> <!-- TestNGFirstPackage.AmazonTestWithAM -->
    </test> <!-- Amazon test -->
  </suite> <!-- Test automation regression suite -->
</testng-results>
