<?xml version="1.0" encoding="UTF-8"?>
<!-- Generated by org.testng.reporters.JUnitXMLReporter -->
<testsuite ignored="0" hostname="LAPTOP-MCVV6R4J" failures="0" tests="3" name="Amazon test" time="63.972" errors="0" timestamp="29 Nov 2020 08:01:24 GMT">
  <testcase classname="TestNGFirstPackage.AmazonTestWithAM" name="amazonTitleTest" time="18.269"/>
  <testcase classname="TestNGFirstPackage.AmazonTestWithAM" name="amazonUrlTest" time="15.268"/>
  <testcase classname="TestNGFirstPackage.AmazonTestWithAM" name="mobileLinkPresentTest" time="12.105"/>
</testsuite> <!-- Amazon test -->
